2023-11-16 08:53:47,048 p=23379 u=rexdivakar n=ansible | {
    "_meta": {
        "hostvars": {
            "homepc": {
                "ansible_host": "10.64.134.8",
                "ansible_user": "zki2s1l"
            },
            "raspberrypi4B": {
                "ansible_host": "192.168.0.126",
                "ansible_user": "pi"
            },
            "raspberrypi_zero": {
                "ansible_host": "192.168.0.120",
                "ansible_user": "pi"
            }
        }
    },
    "all": {
        "children": [
            "ungrouped",
            "home_server",
            "pi",
            "pi_zero"
        ]
    },
    "home_server": {
        "hosts": [
            "homepc"
        ]
    },
    "pi": {
        "hosts": [
            "raspberrypi4B"
        ]
    },
    "pi_zero": {
        "hosts": [
            "raspberrypi_zero"
        ]
    }
}
2023-11-16 08:54:02,271 p=23669 u=rexdivakar n=ansible | homepc | SUCCESS => {
    "ansible_facts": {
        "discovered_interpreter_python": "/usr/bin/python3"
    },
    "changed": false,
    "ping": "pong"
}
2023-11-16 08:54:10,493 p=23669 u=rexdivakar n=ansible | raspberrypi4B | UNREACHABLE! => {
    "changed": false,
    "msg": "Failed to connect to the host via ssh: ssh: connect to host 192.168.0.126 port 22: Operation timed out",
    "unreachable": true
}
2023-11-16 08:54:10,496 p=23669 u=rexdivakar n=ansible | raspberrypi_zero | UNREACHABLE! => {
    "changed": false,
    "msg": "Failed to connect to the host via ssh: ssh: connect to host 192.168.0.120 port 22: Operation timed out",
    "unreachable": true
}
2023-11-16 08:54:38,740 p=24495 u=rexdivakar n=ansible | homepc | SUCCESS => {
    "ansible_facts": {
        "discovered_interpreter_python": "/usr/bin/python3"
    },
    "changed": false,
    "ping": "pong"
}
